<?xml version="1.0" encoding="UTF-8"?>
<testsuite xmlns:xsi="http://www.w3.org/2001/XMLSchema-instance" xsi:noNamespaceSchemaLocation="https://maven.apache.org/surefire/maven-surefire-plugin/xsd/surefire-test-report-3.0.xsd" version="3.0" name="br.com.mulhermarav.forum.ForumApplicationTests" time="5.78" tests="1" errors="0" skipped="0" failures="0">
  <properties>
[...]
</properties>
  <testcase name="contextLoads" classname="br.com.mulhermarav.forum.ForumApplicationTests" time="0.601">
    <system-out><![CDATA[16:50:30.734 [main] INFO org.springframework.test.context.support.AnnotationConfigContextLoaderUtils -- Could not detect default configuration classes for test class [br.com.mulhermarav.forum.ForumApplicationTests]: ForumApplicationTests does not declare any static, non-private, non-final, nested classes annotated with @Configuration.
16:50:30.833 [main] INFO org.springframework.boot.test.context.SpringBootTestContextBootstrapper -- Found @SpringBootConfiguration br.com.mulhermarav.forum.ForumApplication for test class br.com.mulhermarav.forum.ForumApplicationTests
16:50:30.972 [main] INFO org.springframework.boot.devtools.restart.RestartApplicationListener -- Restart disabled due to context in which it is running

  .   ____          _            __ _ _
 /\\ / ___'_ __ _ _(_)_ __  __ _ \ \ \ \
( ( )\___ | '_ | '_| | '_ \/ _` | \ \ \ \
 \\/  ___)| |_)| | | | | || (_| |  ) ) ) )
  '  |____| .__|_| |_|_| |_\__, | / / / /
 =========|_|==============|___/=/_/_/_/
 :: Spring Boot ::                (v3.2.1)

2024-01-01T16:50:31.237-03:00  INFO 18862 --- [           main] b.c.m.forum.ForumApplicationTests        : Starting ForumApplicationTests using Java 20 with PID 18862 (started by dyanearaujo in /Users/dyanearaujo/Documents/forum/camada-recursos)
2024-01-01T16:50:31.238-03:00  INFO 18862 --- [           main] b.c.m.forum.ForumApplicationTests        : No active profile set, falling back to 1 default profile: "default"
2024-01-01T16:50:31.934-03:00  INFO 18862 --- [           main] .s.d.r.c.RepositoryConfigurationDelegate : Bootstrapping Spring Data JPA repositories in DEFAULT mode.
2024-01-01T16:50:32.019-03:00  INFO 18862 --- [           main] .s.d.r.c.RepositoryConfigurationDelegate : Finished Spring Data repository scanning in 76 ms. Found 4 JPA repository interfaces.
2024-01-01T16:50:32.471-03:00  INFO 18862 --- [           main] com.zaxxer.hikari.HikariDataSource       : HikariPool-1 - Starting...
2024-01-01T16:50:32.668-03:00  INFO 18862 --- [           main] com.zaxxer.hikari.pool.HikariPool        : HikariPool-1 - Added connection conn0: url=jdbc:h2:mem:forum user=SA
2024-01-01T16:50:32.671-03:00  INFO 18862 --- [           main] com.zaxxer.hikari.HikariDataSource       : HikariPool-1 - Start completed.
2024-01-01T16:50:32.752-03:00  INFO 18862 --- [           main] o.f.c.internal.license.VersionPrinter    : Flyway Community Edition 9.22.3 by Redgate
2024-01-01T16:50:32.752-03:00  INFO 18862 --- [           main] o.f.c.internal.license.VersionPrinter    : See release notes here: https://rd.gt/416ObMi
2024-01-01T16:50:32.752-03:00  INFO 18862 --- [           main] o.f.c.internal.license.VersionPrinter    : 
2024-01-01T16:50:32.800-03:00  INFO 18862 --- [           main] org.flywaydb.core.FlywayExecutor         : Database: jdbc:h2:mem:forum (H2 2.2)
2024-01-01T16:50:32.816-03:00  WARN 18862 --- [           main] o.f.c.internal.database.base.Database    : Flyway upgrade recommended: H2 2.2.224 is newer than this version of Flyway and support has not been tested. The latest supported version of H2 is 2.2.220.
2024-01-01T16:50:32.839-03:00  INFO 18862 --- [           main] o.f.c.i.s.JdbcTableSchemaHistory         : Schema history table "PUBLIC"."flyway_schema_history" does not exist yet
2024-01-01T16:50:32.842-03:00  INFO 18862 --- [           main] o.f.core.internal.command.DbValidate     : Successfully validated 4 migrations (execution time 00:00.015s)
2024-01-01T16:50:32.846-03:00  INFO 18862 --- [           main] o.f.c.i.s.JdbcTableSchemaHistory         : Creating Schema History table "PUBLIC"."flyway_schema_history" ...
2024-01-01T16:50:32.871-03:00  INFO 18862 --- [           main] o.f.core.internal.command.DbMigrate      : Current version of schema "PUBLIC": << Empty Schema >>
2024-01-01T16:50:32.875-03:00  INFO 18862 --- [           main] o.f.core.internal.command.DbMigrate      : Migrating schema "PUBLIC" to version "1 - create table curso"
2024-01-01T16:50:32.888-03:00  INFO 18862 --- [           main] o.f.core.internal.command.DbMigrate      : Migrating schema "PUBLIC" to version "2 - create table usuario"
2024-01-01T16:50:32.894-03:00  INFO 18862 --- [           main] o.f.core.internal.command.DbMigrate      : Migrating schema "PUBLIC" to version "3 - create table topico"
2024-01-01T16:50:32.905-03:00  INFO 18862 --- [           main] o.f.core.internal.command.DbMigrate      : Migrating schema "PUBLIC" to version "4 - create table resposta"
2024-01-01T16:50:32.915-03:00  INFO 18862 --- [           main] o.f.core.internal.command.DbMigrate      : Successfully applied 4 migrations to schema "PUBLIC", now at version v4 (execution time 00:00.016s)
2024-01-01T16:50:33.043-03:00  INFO 18862 --- [           main] o.hibernate.jpa.internal.util.LogHelper  : HHH000204: Processing PersistenceUnitInfo [name: default]
2024-01-01T16:50:33.109-03:00  INFO 18862 --- [           main] org.hibernate.Version                    : HHH000412: Hibernate ORM core version 6.4.1.Final
2024-01-01T16:50:33.150-03:00  INFO 18862 --- [           main] o.h.c.internal.RegionFactoryInitiator    : HHH000026: Second-level cache disabled
2024-01-01T16:50:33.410-03:00  INFO 18862 --- [           main] o.s.o.j.p.SpringPersistenceUnitInfo      : No LoadTimeWeaver setup: ignoring JPA class transformer
2024-01-01T16:50:33.462-03:00  WARN 18862 --- [           main] org.hibernate.orm.deprecation            : HHH90000025: H2Dialect does not need to be specified explicitly using 'hibernate.dialect' (remove the property setting and it will be selected by default)
2024-01-01T16:50:34.278-03:00  INFO 18862 --- [           main] o.h.e.t.j.p.i.JtaPlatformInitiator       : HHH000489: No JTA platform available (set 'hibernate.transaction.jta.platform' to enable JTA platform integration)
2024-01-01T16:50:34.281-03:00  INFO 18862 --- [           main] j.LocalContainerEntityManagerFactoryBean : Initialized JPA EntityManagerFactory for persistence unit 'default'
2024-01-01T16:50:34.793-03:00  INFO 18862 --- [           main] o.s.d.j.r.query.QueryEnhancerFactory     : Hibernate is in classpath; If applicable, HQL parser will be used.
2024-01-01T16:50:35.380-03:00  WARN 18862 --- [           main] JpaBaseConfiguration$JpaWebConfiguration : spring.jpa.open-in-view is enabled by default. Therefore, database queries may be performed during view rendering. Explicitly configure spring.jpa.open-in-view to disable this warning
2024-01-01T16:50:35.699-03:00  INFO 18862 --- [           main] o.s.b.a.h2.H2ConsoleAutoConfiguration    : H2 console available at '/h2-console'. Database available at 'jdbc:h2:mem:forum'
2024-01-01T16:50:35.731-03:00  INFO 18862 --- [           main] b.c.m.forum.ForumApplicationTests        : Started ForumApplicationTests in 4.773 seconds (process running for 5.663)
]]></system-out>
  </testcase>
</testsuite>